 : Entering RegisterAppWithAUM() with msiHandle b97
 : Entering InstallerQIsReader()
 : *** GetAppDisplayName() ***
 : SUCCESS
 :     the product code provided by the installer is {AC76BA86-7AD7-1033-7B44-A95000000001}
 :     this corresponds to appID reader9rdr-en_US
 : Leaving InstallerQIsReader()
 : Loading AUM Integration library at path C:\Program Files\Adobe\Reader 9.0\Reader\AdobeUpdater.dll.
 : Successfully loaded AUM integration library
 : Successfully found all library entry points.  Library is valid.
 : Entering GetAppID()
 : Entering InstallerQIsReader()
 : *** GetAppDisplayName() ***
 : SUCCESS
 :     the product code provided by the installer is {AC76BA86-7AD7-1033-7B44-A95000000001}
 :     this corresponds to appID reader9rdr-en_US
 : Leaving InstallerQIsReader()
 : Entering InstallerQIsReader()
 : *** GetAppDisplayName() ***
 : SUCCESS
 :     the product code provided by the installer is {AC76BA86-7AD7-1033-7B44-A95000000001}
 :     this corresponds to appID reader9rdr-en_US
 : Leaving InstallerQIsReader()
 : Calling AUMRegisterApplication with appID reader9rdr-en_US with appDispName Adobe Reader 9 and with appPath C:\Program Files\Adobe\Reader 9.0\Reader
 : AUMRegisterApplication returns => 0
 : Loading AUM Integration library at path C:\Program Files\Adobe\Reader 9.0\Reader\AdobeUpdater.dll.
 : Successfully loaded AUM integration library
 : Successfully found all library entry points.  Library is valid.
 : Entering GetAppID()
 : AUMDownloadMissingComponents returns => 0
