2016-11-03 00:52:25,000 [analyzer] DEBUG: Starting analyzer from: C:\vtkaairpc
2016-11-03 00:52:25,019 [analyzer] DEBUG: Pipe server name: \\.\PIPE\pJDsYeczwMoMFUddoZx
2016-11-03 00:52:25,019 [analyzer] DEBUG: Log pipe server name: \\.\PIPE\BdFAQsdRVEoQfnMMzuqTmLVJNHD
2016-11-03 00:52:25,740 [analyzer] DEBUG: Started auxiliary module Disguise
2016-11-03 00:52:25,970 [analyzer] WARNING: Unable to find the correct offsets for functions of: 32-bit kernel32.dll (with timestamp 0x4802a12c)
2016-11-03 00:52:25,970 [analyzer] WARNING: Unable to find the correct offsets for functions of: 32-bit kernel32.dll (with timestamp 0x4802a12c)
2016-11-03 00:52:26,020 [analyzer] DEBUG: Loaded monitor into process with pid 660
2016-11-03 00:52:26,020 [analyzer] DEBUG: Started auxiliary module DumpTLSMasterSecrets
2016-11-03 00:52:26,020 [analyzer] DEBUG: Started auxiliary module Human
2016-11-03 00:52:26,020 [analyzer] DEBUG: Started auxiliary module InstallCertificate
2016-11-03 00:52:26,020 [analyzer] DEBUG: Started auxiliary module Reboot
2016-11-03 00:52:26,381 [analyzer] DEBUG: Started auxiliary module RecentFiles
2016-11-03 00:52:26,381 [analyzer] DEBUG: Started auxiliary module Screenshots
2016-11-03 00:52:26,592 [lib.api.process] INFO: Successfully executed process from path 'C:\\Program Files\\Adobe\\Reader 9.0\\Reader\\AcroRd32.exe' with arguments [u'C:\\DOCUME~1\\ardi\\LOCALS~1\\Temp\\IPR in China FINAL.pdf'] and pid 1204
2016-11-03 00:52:26,661 [analyzer] WARNING: Unable to find the correct offsets for functions of: 32-bit kernel32.dll (with timestamp 0x4802a12c)
2016-11-03 00:52:26,661 [analyzer] WARNING: Unable to find the correct offsets for functions of: 32-bit kernel32.dll (with timestamp 0x4802a12c)
2016-11-03 00:52:26,711 [analyzer] DEBUG: Loaded monitor into process with pid 1204
2016-11-03 00:52:27,312 [analyzer] INFO: Added new file to list with pid 1204 and path \Device\NamedPipe\lsass
2016-11-03 00:52:28,084 [analyzer] INFO: Added new file to list with pid 1204 and path C:\Documents and Settings\ardi\Application Data\Adobe\Acrobat\9.0\UserCache.bin
2016-11-03 00:52:28,184 [analyzer] INFO: Added new file to list with pid 1204 and path C:\Documents and Settings\ardi\Local Settings\Application Data\Adobe\Color\ACECache10.lst
2016-11-03 00:52:28,744 [analyzer] WARNING: Unable to find the correct offsets for functions of: 32-bit EScript.api (with timestamp 0x4f03e923)
2016-11-03 00:52:28,744 [analyzer] INFO: io=NULL
2016-11-03 00:52:28,744 [analyzer] DEBUG: Error resolving function escript.api!pdf_unescape through our custom callback.
2016-11-03 00:52:28,755 [analyzer] WARNING: Unable to find the correct offsets for functions of: 32-bit EScript.api (with timestamp 0x4f03e923)
2016-11-03 00:52:28,755 [analyzer] INFO: io=NULL
2016-11-03 00:52:28,755 [analyzer] DEBUG: Error resolving function escript.api!pdf_eval through our custom callback.
2016-11-03 00:52:31,187 [analyzer] INFO: Added new file to list with pid 1204 and path C:\Documents and Settings\ardi\Application Data\Adobe\Acrobat\9.0\SharedDataEvents-journal
2016-11-03 00:52:31,197 [analyzer] INFO: Added new file to list with pid 1204 and path C:\Documents and Settings\ardi\Application Data\Adobe\Acrobat\9.0\SharedDataEvents
2016-11-03 00:52:41,726 [analyzer] CRITICAL: Encountered an unknown process while in monitoring mode: "C:\Program Files\Common Files\Adobe\ARM\1.0\AdobeARM.exe" /PRODUCT:Reader /VERSION:9.0 /MODE:2!
2016-11-03 00:52:41,747 [analyzer] INFO: Injected into process with pid 1972 and name u'AdobeARM.exe'
2016-11-03 00:52:41,825 [analyzer] WARNING: Unable to find the correct offsets for functions of: 32-bit kernel32.dll (with timestamp 0x4802a12c)
2016-11-03 00:52:41,825 [analyzer] WARNING: Unable to find the correct offsets for functions of: 32-bit kernel32.dll (with timestamp 0x4802a12c)
2016-11-03 00:52:41,913 [analyzer] DEBUG: Loaded monitor into process with pid 1972
2016-11-03 00:52:41,946 [analyzer] INFO: Added new file to list with pid 1972 and path C:\Documents and Settings\ardi\Local Settings\Temp\AdobeARM.log
2016-11-03 00:52:41,957 [analyzer] INFO: Added new file to list with pid 1972 and path C:\Documents and Settings\ardi\Local Settings\Temp\ArmUI.ini
2016-11-03 00:52:42,023 [analyzer] INFO: Added new file to list with pid 1972 and path \Device\NamedPipe\32B6B37A-4A7D-4e00-95F2-6F0BF3DE3E009524054672thsnYaVieBoda
2016-11-03 00:52:42,680 [analyzer] INFO: Process with pid 1972 has terminated
2016-11-03 00:54:34,592 [analyzer] INFO: Analysis timeout hit, terminating analysis.
2016-11-03 00:54:34,592 [analyzer] WARNING: File at path "u'\\device\\namedpipe\\lsass'" does not exist, skip.
2016-11-03 00:54:34,599 [analyzer] WARNING: File at path "u'c:\\documents and settings\\ardi\\application data\\adobe\\acrobat\\9.0\\shareddataevents-journal'" does not exist, skip.
2016-11-03 00:54:34,608 [analyzer] WARNING: File at path "u'\\device\\namedpipe\\32b6b37a-4a7d-4e00-95f2-6f0bf3de3e009524054672thsnyavieboda'" does not exist, skip.
2016-11-03 00:54:34,608 [analyzer] INFO: Analysis completed.
